Fetched housing data.
Dataset stored at /home/harshavarthini-c/mle-training/data/raw/housing.
Loaded housing data.
Fetched housing data.
Dataset stored at /home/harshavarthini-c/mle-training/data/raw/housing.
Loaded housing data.
Preprocessing housing data...
Preprocessed train and test datasets stored at /home/harshavarthini-c/mle-training/data/processed.
Fetched housing data.
Dataset stored at /home/harshavarthini-c/mle-training/dataset/raw/housing.
Loaded housing data.
Preprocessing housing data...
Preprocessed train and test datasets stored at /home/harshavarthini-c/mle-training/data/processed.
Loaded training data
Training completed
Models stored at /home/harshavarthini-c/mle-training/outputs/artifacts.
Fetched housing data.
Dataset stored at /home/harshavarthini-c/mle-training/dataset/raw/housing.
Loaded housing data.
Preprocessing housing data...
Preprocessed train and test datasets stored at /home/harshavarthini-c/mle-training/data/processed.
Loaded training data
Training completed
Models stored at /home/harshavarthini-c/mle-training/outputs/artifacts.
Loaded training data
Training completed
Models stored at /home/harshavarthini-c/mle-training/artifacts.
Loaded test data
Loaded Models
lin_model=[49237.94888033527, 4477835762.283676, 66916.6329269762]
tree_model=[45366.59132751938, 4953618206.538033, 70381.94517444109]
forest_model=[31945.819704457364, 2351790154.5626345, 48495.25909367466]
grid_search_model=[32047.30067021964, 2287766192.611603, 47830.598915459996]
Fetched housing data.
Dataset stored at /home/harshavarthini-c/mle-training/dataset/raw/housing.
Loaded housing data.
Preprocessing housing data...
Preprocessed train and test datasets stored at /home/harshavarthini-c/mle-training/data/processed.
Loaded training data
Training completed
Models stored at /home/harshavarthini-c/mle-training/outputs/artifacts.
Fetched housing data.
Dataset stored at /home/harshavarthini-c/mle-training/dataset/raw/housing.
Loaded housing data.
Preprocessing housing data...
Preprocessed train and test datasets stored at /home/harshavarthini-c/mle-training/data/processed.
Loaded training data
Training completed
Models stored at /home/harshavarthini-c/mle-training/outputs/artifacts.
Fetched housing data.
Dataset stored at /home/harshavarthini-c/mle-training/dataset/raw/housing.
Loaded housing data.
Preprocessing housing data...
Preprocessed train and test datasets stored at /home/harshavarthini-c/mle-training/data/processed.
Loaded training data
Training completed
Models stored at /home/harshavarthini-c/mle-training/outputs/artifacts.
Fetched housing data.
Dataset stored at /home/harshavarthini-c/mle-training/data/raw/housing.
Loaded housing data.
Preprocessing housing data...
Preprocessed train and test datasets stored at /home/harshavarthini-c/mle-training/data/processed.
Loaded training data
Training completed
Models stored at /home/harshavarthini-c/mle-training/artifacts.
Loaded test data
Loaded Models
lin_model=[49237.94888033527, 4477835762.283676, 66916.6329269762]
tree_model=[45366.59132751938, 4953618206.538033, 70381.94517444109]
forest_model=[31945.819704457364, 2351790154.5626345, 48495.25909367466]
grid_search_model=[32047.30067021964, 2287766192.611603, 47830.598915459996]
Fetched housing data.
Dataset stored at /home/harshavarthini-c/mle-training/data/raw/housing.
Loaded housing data.
Preprocessing housing data...
Preprocessed train and test datasets stored at /home/harshavarthini-c/mle-training/data/processed.
Loaded training data
Training completed
Models stored at /home/harshavarthini-c/mle-training/artifacts.
Loaded test data
Loaded Models
lin_model=[49237.94888033527, 4477835762.283676, 66916.6329269762]
tree_model=[45366.59132751938, 4953618206.538033, 70381.94517444109]
forest_model=[31945.819704457364, 2351790154.5626345, 48495.25909367466]
grid_search_model=[32047.30067021964, 2287766192.611603, 47830.598915459996]
Fetched housing data.
Dataset stored at /home/harshavarthini-c/mle-training/data/raw/housing.
Loaded housing data.
Preprocessing housing data...
Preprocessed train and test datasets stored at /home/harshavarthini-c/mle-training/data/processed.
Loaded training data
Training completed
Models stored at /home/harshavarthini-c/mle-training/artifacts.
Loaded test data
Loaded Models
lin_model=[49237.94888033527, 4477835762.283676, 66916.6329269762]
tree_model=[45366.59132751938, 4953618206.538033, 70381.94517444109]
forest_model=[31945.819704457364, 2351790154.5626345, 48495.25909367466]
grid_search_model=[32047.30067021964, 2287766192.611603, 47830.598915459996]
Fetched housing data.
Dataset stored at /home/harshavarthini-c/mle-training/data/raw/housing.
Loaded housing data.
Preprocessing housing data...
Preprocessed train and test datasets stored at /home/harshavarthini-c/mle-training/data/processed.
Loaded training data
Training completed
Models stored at /home/harshavarthini-c/mle-training/artifacts.
Loaded test data
Loaded Models
lin_model=[49237.94888033527, 4477835762.283676, 66916.6329269762]
tree_model=[45366.59132751938, 4953618206.538033, 70381.94517444109]
forest_model=[31945.819704457364, 2351790154.5626345, 48495.25909367466]
grid_search_model=[32047.30067021964, 2287766192.611603, 47830.598915459996]
Fetched housing data.
Dataset stored at /home/harshavarthini-c/mle-training/data/raw/housing.
Loaded housing data.
Preprocessing housing data...
Preprocessed train and test datasets stored at /home/harshavarthini-c/mle-training/data/processed.
Loaded training data
Training completed
Models stored at /home/harshavarthini-c/mle-training/artifacts.
Loaded test data
Loaded Models
lin_model=[49237.94888033527, 4477835762.283676, 66916.6329269762]
tree_model=[45366.59132751938, 4953618206.538033, 70381.94517444109]
forest_model=[31945.819704457364, 2351790154.5626345, 48495.25909367466]
grid_search_model=[32047.30067021964, 2287766192.611603, 47830.598915459996]
Fetched housing data.
Dataset stored at /home/harshavarthini-c/mle-training/data/raw/housing.
Loaded housing data.
Preprocessing housing data...
Preprocessed train and test datasets stored at /home/harshavarthini-c/mle-training/data/processed.
Loaded training data
Training completed
Models stored at /home/harshavarthini-c/mle-training/artifacts.
Loaded test data
Loaded Models
lin_model=[49237.94888033527, 4477835762.283676, 66916.6329269762]
tree_model=[45366.59132751938, 4953618206.538033, 70381.94517444109]
forest_model=[31945.819704457364, 2351790154.5626345, 48495.25909367466]
grid_search_model=[32047.30067021964, 2287766192.611603, 47830.598915459996]
Fetched housing data.
Dataset stored at /home/harshavarthini-c/mle-training/data/raw/housing.
Loaded housing data.
Preprocessing housing data...
Preprocessed train and test datasets stored at /home/harshavarthini-c/mle-training/data/processed.
Loaded training data
Training completed
Models stored at /home/harshavarthini-c/mle-training/artifacts.
Loaded test data
Loaded Models
lin_model=[49237.94888033527, 4477835762.283676, 66916.6329269762]
tree_model=[45366.59132751938, 4953618206.538033, 70381.94517444109]
forest_model=[31945.819704457364, 2351790154.5626345, 48495.25909367466]
grid_search_model=[32047.30067021964, 2287766192.611603, 47830.598915459996]
